2017-01-07 17:50:04,783 INFO  [org.eclim.eclipse.EclimDaemon] Workspace: /home/xen/workspace
2017-01-07 17:50:04,797 INFO  [org.eclim.eclipse.EclimDaemon] Home: /usr/lib/eclipse/plugins/org.eclim_2.6.0/
2017-01-07 17:50:04,798 INFO  [org.eclim.eclipse.EclimDaemon] Starting eclim...
2017-01-07 17:50:04,806 INFO  [org.eclim.eclipse.EclimDaemon] Loading plugin org.eclim
2017-01-07 17:50:04,813 INFO  [org.eclim.eclipse.EclimDaemon] Loading plugin org.eclim.core
2017-01-07 17:50:05,317 INFO  [org.eclim.plugin.core.CorePlugin] Loading eclim plugins...
2017-01-07 17:50:05,327 INFO  [org.eclim.plugin.core.CorePlugin] Loading plugin org.eclim.jdt
2017-01-07 17:50:05,337 INFO  [org.eclim.plugin.core.CorePlugin] Plugins loaded.
2017-01-07 17:50:05,337 INFO  [org.eclim.eclipse.EclimDaemon] Loaded plugin org.eclim.core
2017-01-07 17:50:05,342 INFO  [org.eclim.eclipse.EclimDaemon] Waiting on running jobs before starting eclimd...
2017-01-07 17:50:07,343 INFO  [org.eclim.eclipse.EclimDaemon] Jobs finished.
2017-01-07 17:50:07,344 INFO  [org.eclim.eclipse.EclimDaemon] Eclim Server Started on: 127.0.0.1:9091
2017-01-07 18:41:49,424 INFO  [org.eclim.eclipse.EclimDaemon] Shutting down eclim...
2017-01-07 18:41:49,430 INFO  [org.eclim.eclipse.EclimDaemon] Stopping plugin org.eclim.core
2017-01-07 18:41:49,432 INFO  [org.eclim.plugin.core.CorePlugin] Stopping plugin org.eclim.jdt
2017-01-07 18:41:49,434 INFO  [org.eclim.eclipse.EclimDaemon] Eclim stopped.
2017-01-08 21:19:49,006 INFO  [org.eclim.eclipse.EclimDaemon] Workspace: /home/xen/workspace
2017-01-08 21:19:49,012 INFO  [org.eclim.eclipse.EclimDaemon] Home: /usr/lib/eclipse/plugins/org.eclim_2.6.0/
2017-01-08 21:19:49,012 INFO  [org.eclim.eclipse.EclimDaemon] Starting eclim...
2017-01-08 21:19:49,022 INFO  [org.eclim.eclipse.EclimDaemon] Loading plugin org.eclim
2017-01-08 21:19:49,030 INFO  [org.eclim.eclipse.EclimDaemon] Loading plugin org.eclim.core
2017-01-08 21:19:49,294 INFO  [org.eclim.plugin.core.CorePlugin] Loading eclim plugins...
2017-01-08 21:19:49,326 INFO  [org.eclim.plugin.core.CorePlugin] Loading plugin org.eclim.jdt
2017-01-08 21:19:49,327 INFO  [org.eclim.plugin.core.CorePlugin] Plugins loaded.
2017-01-08 21:19:49,327 INFO  [org.eclim.eclipse.EclimDaemon] Loaded plugin org.eclim.core
2017-01-08 21:19:49,328 INFO  [org.eclim.eclipse.EclimDaemon] Waiting on running jobs before starting eclimd...
2017-01-08 21:20:03,363 INFO  [org.eclim.eclipse.EclimDaemon] Jobs finished.
2017-01-08 21:20:03,363 INFO  [org.eclim.eclipse.EclimDaemon] Eclim Server Started on: 127.0.0.1:9091
2017-01-08 21:20:18,833 INFO  [org.eclim.eclipse.EclimDaemon] Shutting down eclim...
2017-01-08 21:20:18,842 INFO  [org.eclim.eclipse.EclimDaemon] Stopping plugin org.eclim.core
2017-01-08 21:20:18,843 INFO  [org.eclim.plugin.core.CorePlugin] Stopping plugin org.eclim.jdt
2017-01-08 21:20:18,844 INFO  [org.eclim.eclipse.EclimDaemon] Eclim stopped.
2017-01-09 15:05:24,393 INFO  [org.eclim.eclipse.EclimDaemon] Workspace: /home/xen/workspace
2017-01-09 15:05:24,398 INFO  [org.eclim.eclipse.EclimDaemon] Home: /usr/lib/eclipse/plugins/org.eclim_2.6.0/
2017-01-09 15:05:24,398 INFO  [org.eclim.eclipse.EclimDaemon] Starting eclim...
2017-01-09 15:05:24,425 INFO  [org.eclim.eclipse.EclimDaemon] Loading plugin org.eclim
2017-01-09 15:05:24,428 INFO  [org.eclim.eclipse.EclimDaemon] Loading plugin org.eclim.core
2017-01-09 15:05:24,670 INFO  [org.eclim.plugin.core.CorePlugin] Loading eclim plugins...
2017-01-09 15:05:24,685 INFO  [org.eclim.plugin.core.CorePlugin] Loading plugin org.eclim.jdt
2017-01-09 15:05:24,686 INFO  [org.eclim.plugin.core.CorePlugin] Plugins loaded.
2017-01-09 15:05:24,686 INFO  [org.eclim.eclipse.EclimDaemon] Loaded plugin org.eclim.core
2017-01-09 15:05:24,687 INFO  [org.eclim.eclipse.EclimDaemon] Waiting on running jobs before starting eclimd...
2017-01-09 15:05:30,705 INFO  [org.eclim.eclipse.EclimDaemon] Jobs finished.
2017-01-09 15:05:30,706 INFO  [org.eclim.eclipse.EclimDaemon] Eclim Server Started on: 127.0.0.1:9091
2017-01-09 15:35:22,922 ERROR [org.eclim.command.Main] Command failed
java.lang.NullPointerException
	at org.eclipse.jdt.internal.corext.dom.ASTNodes.getTypeBinding(ASTNodes.java:1465)
	at org.eclim.plugin.jdt.command.impl.ConstructorCommand.execute(ConstructorCommand.java:105)
	at org.eclim.command.Main$1.run(Main.java:100)
	at org.eclipse.swt.widgets.RunnableLock.run(RunnableLock.java:35)
	at org.eclipse.swt.widgets.Synchronizer.runAsyncMessages(Synchronizer.java:182)
	at org.eclipse.swt.widgets.Display.runAsyncMessages(Display.java:4536)
	at org.eclipse.swt.widgets.Display.readAndDispatch(Display.java:4154)
	at org.eclipse.e4.ui.internal.workbench.swt.PartRenderingEngine$4.run(PartRenderingEngine.java:1121)
	at org.eclipse.core.databinding.observable.Realm.runWithDefault(Realm.java:336)
	at org.eclipse.e4.ui.internal.workbench.swt.PartRenderingEngine.run(PartRenderingEngine.java:1022)
	at org.eclipse.e4.ui.internal.workbench.E4Workbench.createAndRunUI(E4Workbench.java:150)
	at org.eclipse.ui.internal.Workbench$5.run(Workbench.java:693)
	at org.eclipse.core.databinding.observable.Realm.runWithDefault(Realm.java:336)
	at org.eclipse.ui.internal.Workbench.createAndRunWorkbench(Workbench.java:610)
	at org.eclipse.ui.PlatformUI.createAndRunWorkbench(PlatformUI.java:148)
	at org.eclipse.ui.internal.ide.application.IDEApplication.start(IDEApplication.java:138)
	at org.eclim.eclipse.EclimApplication.start(EclimApplication.java:128)
	at org.eclipse.equinox.internal.app.EclipseAppHandle.run(EclipseAppHandle.java:196)
	at org.eclipse.core.runtime.internal.adaptor.EclipseAppLauncher.runApplication(EclipseAppLauncher.java:134)
	at org.eclipse.core.runtime.internal.adaptor.EclipseAppLauncher.start(EclipseAppLauncher.java:104)
	at org.eclipse.core.runtime.adaptor.EclipseStarter.run(EclipseStarter.java:388)
	at org.eclipse.core.runtime.adaptor.EclipseStarter.run(EclipseStarter.java:243)
	at sun.reflect.NativeMethodAccessorImpl.invoke0(Native Method)
	at sun.reflect.NativeMethodAccessorImpl.invoke(NativeMethodAccessorImpl.java:62)
	at sun.reflect.DelegatingMethodAccessorImpl.invoke(DelegatingMethodAccessorImpl.java:43)
	at java.lang.reflect.Method.invoke(Method.java:498)
	at org.eclipse.equinox.launcher.Main.invokeFramework(Main.java:673)
	at org.eclipse.equinox.launcher.Main.basicRun(Main.java:610)
	at org.eclipse.equinox.launcher.Main.run(Main.java:1519)
	at org.eclipse.equinox.launcher.Main.main(Main.java:1492)
2017-01-09 17:12:16,730 INFO  [org.eclim.eclipse.EclimDaemon] Shutting down eclim...
2017-01-09 17:12:16,735 INFO  [org.eclim.eclipse.EclimDaemon] Stopping plugin org.eclim.core
2017-01-09 17:12:16,745 INFO  [org.eclim.plugin.core.CorePlugin] Stopping plugin org.eclim.jdt
2017-01-09 17:12:16,746 INFO  [org.eclim.eclipse.EclimDaemon] Eclim stopped.
2017-01-11 15:03:15,595 INFO  [org.eclim.eclipse.EclimDaemon] Workspace: /home/xen/workspace
2017-01-11 15:03:15,604 INFO  [org.eclim.eclipse.EclimDaemon] Home: /usr/lib/eclipse/plugins/org.eclim_2.6.0/
2017-01-11 15:03:15,606 INFO  [org.eclim.eclipse.EclimDaemon] Starting eclim...
2017-01-11 15:03:15,623 INFO  [org.eclim.eclipse.EclimDaemon] Loading plugin org.eclim
2017-01-11 15:03:15,638 INFO  [org.eclim.eclipse.EclimDaemon] Loading plugin org.eclim.core
2017-01-11 15:03:15,811 INFO  [org.eclim.plugin.core.CorePlugin] Loading eclim plugins...
2017-01-11 15:03:15,852 INFO  [org.eclim.plugin.core.CorePlugin] Loading plugin org.eclim.jdt
2017-01-11 15:03:15,853 INFO  [org.eclim.plugin.core.CorePlugin] Plugins loaded.
2017-01-11 15:03:15,853 INFO  [org.eclim.eclipse.EclimDaemon] Loaded plugin org.eclim.core
2017-01-11 15:03:15,859 INFO  [org.eclim.eclipse.EclimDaemon] Waiting on running jobs before starting eclimd...
2017-01-11 15:03:21,860 INFO  [org.eclim.eclipse.EclimDaemon] Jobs finished.
2017-01-11 15:03:21,861 INFO  [org.eclim.eclipse.EclimDaemon] Eclim Server Started on: 127.0.0.1:9091
2017-01-11 15:34:35,370 INFO  [org.eclim.eclipse.EclimDaemon] Shutting down eclim...
2017-01-11 15:34:35,375 INFO  [org.eclim.eclipse.EclimDaemon] Stopping plugin org.eclim.core
2017-01-11 15:34:35,378 INFO  [org.eclim.plugin.core.CorePlugin] Stopping plugin org.eclim.jdt
2017-01-11 15:34:35,379 INFO  [org.eclim.eclipse.EclimDaemon] Eclim stopped.
2017-01-12 13:55:40,900 INFO  [org.eclim.eclipse.EclimDaemon] Workspace: /home/xen/workspace
2017-01-12 13:55:40,916 INFO  [org.eclim.eclipse.EclimDaemon] Home: /usr/lib/eclipse/plugins/org.eclim_2.6.0/
2017-01-12 13:55:40,916 INFO  [org.eclim.eclipse.EclimDaemon] Starting eclim...
2017-01-12 13:55:40,934 INFO  [org.eclim.eclipse.EclimDaemon] Loading plugin org.eclim
2017-01-12 13:55:40,946 INFO  [org.eclim.eclipse.EclimDaemon] Loading plugin org.eclim.core
2017-01-12 13:55:41,124 INFO  [org.eclim.plugin.core.CorePlugin] Loading eclim plugins...
2017-01-12 13:55:41,136 INFO  [org.eclim.plugin.core.CorePlugin] Loading plugin org.eclim.jdt
2017-01-12 13:55:41,137 INFO  [org.eclim.plugin.core.CorePlugin] Plugins loaded.
2017-01-12 13:55:41,137 INFO  [org.eclim.eclipse.EclimDaemon] Loaded plugin org.eclim.core
2017-01-12 13:55:41,145 INFO  [org.eclim.eclipse.EclimDaemon] Waiting on running jobs before starting eclimd...
2017-01-12 13:55:46,147 INFO  [org.eclim.eclipse.EclimDaemon] Jobs finished.
2017-01-12 13:55:46,147 INFO  [org.eclim.eclipse.EclimDaemon] Eclim Server Started on: 127.0.0.1:9091
2017-01-12 13:59:00,278 INFO  [org.eclim.eclipse.EclimDaemon] Shutting down eclim...
2017-01-12 13:59:00,295 INFO  [org.eclim.eclipse.EclimDaemon] Stopping plugin org.eclim.core
2017-01-12 13:59:00,297 INFO  [org.eclim.plugin.core.CorePlugin] Stopping plugin org.eclim.jdt
2017-01-12 13:59:00,298 INFO  [org.eclim.eclipse.EclimDaemon] Eclim stopped.
2017-01-12 14:08:44,742 INFO  [org.eclim.eclipse.EclimDaemon] Workspace: /home/xen/workspace
2017-01-12 14:08:44,749 INFO  [org.eclim.eclipse.EclimDaemon] Home: /usr/lib/eclipse/plugins/org.eclim_2.6.0/
2017-01-12 14:08:44,749 INFO  [org.eclim.eclipse.EclimDaemon] Starting eclim...
2017-01-12 14:08:44,758 INFO  [org.eclim.eclipse.EclimDaemon] Loading plugin org.eclim
2017-01-12 14:08:44,767 INFO  [org.eclim.eclipse.EclimDaemon] Loading plugin org.eclim.core
2017-01-12 14:08:45,030 INFO  [org.eclim.plugin.core.CorePlugin] Loading eclim plugins...
2017-01-12 14:08:45,037 INFO  [org.eclim.plugin.core.CorePlugin] Loading plugin org.eclim.jdt
2017-01-12 14:08:45,069 INFO  [org.eclim.plugin.core.CorePlugin] Plugins loaded.
2017-01-12 14:08:45,069 INFO  [org.eclim.eclipse.EclimDaemon] Loaded plugin org.eclim.core
2017-01-12 14:08:45,070 INFO  [org.eclim.eclipse.EclimDaemon] Waiting on running jobs before starting eclimd...
2017-01-12 14:08:51,084 INFO  [org.eclim.eclipse.EclimDaemon] Jobs finished.
2017-01-12 14:08:51,084 INFO  [org.eclim.eclipse.EclimDaemon] Eclim Server Started on: 127.0.0.1:9091
2017-01-12 14:29:09,679 INFO  [org.eclim.eclipse.EclimDaemon] Shutting down eclim...
2017-01-12 14:29:09,682 INFO  [org.eclim.eclipse.EclimDaemon] Stopping plugin org.eclim.core
2017-01-12 14:29:09,683 INFO  [org.eclim.plugin.core.CorePlugin] Stopping plugin org.eclim.jdt
2017-01-12 14:29:09,683 INFO  [org.eclim.eclipse.EclimDaemon] Eclim stopped.
2017-01-12 14:29:50,964 INFO  [org.eclim.eclipse.EclimDaemon] Workspace: /home/xen/workspace
2017-01-12 14:29:50,966 INFO  [org.eclim.eclipse.EclimDaemon] Home: /usr/lib/eclipse/plugins/org.eclim_2.6.0/
2017-01-12 14:29:50,967 INFO  [org.eclim.eclipse.EclimDaemon] Starting eclim...
2017-01-12 14:29:50,987 INFO  [org.eclim.eclipse.EclimDaemon] Loading plugin org.eclim
2017-01-12 14:29:50,992 INFO  [org.eclim.eclipse.EclimDaemon] Loading plugin org.eclim.core
2017-01-12 14:29:51,140 INFO  [org.eclim.plugin.core.CorePlugin] Loading eclim plugins...
2017-01-12 14:29:51,145 INFO  [org.eclim.plugin.core.CorePlugin] Loading plugin org.eclim.jdt
2017-01-12 14:29:51,149 INFO  [org.eclim.plugin.core.CorePlugin] Plugins loaded.
2017-01-12 14:29:51,150 INFO  [org.eclim.eclipse.EclimDaemon] Loaded plugin org.eclim.core
2017-01-12 14:29:51,151 INFO  [org.eclim.eclipse.EclimDaemon] Eclim Server Started on: 127.0.0.1:9091
